{"E:\\University\\D_web\\backend\\index.js": {"path":"E:\\University\\D_web\\backend\\index.js","statementMap":{"0":{"start":{"line":1,"column":16},"end":{"line":1,"column":34}},"1":{"start":{"line":2,"column":13},"end":{"line":2,"column":28}},"2":{"start":{"line":3,"column":17},"end":{"line":3,"column":36}},"3":{"start":{"line":7,"column":13},"end":{"line":7,"column":45}},"4":{"start":{"line":8,"column":17},"end":{"line":8,"column":51}},"5":{"start":{"line":9,"column":14},"end":{"line":9,"column":45}},"6":{"start":{"line":10,"column":12},"end":{"line":10,"column":43}},"7":{"start":{"line":11,"column":13},"end":{"line":11,"column":43}},"8":{"start":{"line":16,"column":12},"end":{"line":16,"column":21}},"9":{"start":{"line":17,"column":0},"end":{"line":17,"column":16}},"10":{"start":{"line":18,"column":0},"end":{"line":18,"column":24}},"11":{"start":{"line":19,"column":13},"end":{"line":19,"column":17}},"12":{"start":{"line":25,"column":8},"end":{"line":25,"column":74}},"13":{"start":{"line":26,"column":0},"end":{"line":32,"column":2}},"14":{"start":{"line":28,"column":2},"end":{"line":28,"column":35}},"15":{"start":{"line":31,"column":2},"end":{"line":31,"column":39}},"16":{"start":{"line":39,"column":0},"end":{"line":55,"column":3}},"17":{"start":{"line":41,"column":17},"end":{"line":54,"column":6}},"18":{"start":{"line":46,"column":6},"end":{"line":50,"column":7}},"19":{"start":{"line":47,"column":8},"end":{"line":47,"column":47}},"20":{"start":{"line":49,"column":8},"end":{"line":49,"column":35}},"21":{"start":{"line":53,"column":6},"end":{"line":53,"column":20}},"22":{"start":{"line":59,"column":0},"end":{"line":69,"column":3}},"23":{"start":{"line":60,"column":2},"end":{"line":68,"column":3}},"24":{"start":{"line":61,"column":17},"end":{"line":61,"column":41}},"25":{"start":{"line":62,"column":4},"end":{"line":65,"column":7}},"26":{"start":{"line":63,"column":6},"end":{"line":63,"column":28}},"27":{"start":{"line":64,"column":6},"end":{"line":64,"column":37}},"28":{"start":{"line":67,"column":4},"end":{"line":67,"column":34}},"29":{"start":{"line":72,"column":0},"end":{"line":78,"column":3}},"30":{"start":{"line":73,"column":17},"end":{"line":77,"column":32}},"31":{"start":{"line":75,"column":6},"end":{"line":75,"column":25}},"32":{"start":{"line":81,"column":0},"end":{"line":91,"column":3}},"33":{"start":{"line":82,"column":17},"end":{"line":84,"column":4}},"34":{"start":{"line":85,"column":2},"end":{"line":89,"column":3}},"35":{"start":{"line":86,"column":4},"end":{"line":86,"column":27}},"36":{"start":{"line":88,"column":4},"end":{"line":88,"column":29}},"37":{"start":{"line":90,"column":2},"end":{"line":90,"column":31}},"38":{"start":{"line":96,"column":0},"end":{"line":102,"column":3}},"39":{"start":{"line":97,"column":17},"end":{"line":101,"column":32}},"40":{"start":{"line":99,"column":6},"end":{"line":99,"column":25}},"41":{"start":{"line":108,"column":0},"end":{"line":115,"column":3}},"42":{"start":{"line":109,"column":2},"end":{"line":114,"column":3}},"43":{"start":{"line":110,"column":22},"end":{"line":110,"column":42}},"44":{"start":{"line":111,"column":4},"end":{"line":111,"column":24}},"45":{"start":{"line":113,"column":4},"end":{"line":113,"column":47}},"46":{"start":{"line":140,"column":0},"end":{"line":150,"column":3}},"47":{"start":{"line":141,"column":17},"end":{"line":143,"column":4}},"48":{"start":{"line":144,"column":2},"end":{"line":148,"column":3}},"49":{"start":{"line":145,"column":4},"end":{"line":145,"column":33}},"50":{"start":{"line":147,"column":4},"end":{"line":147,"column":35}},"51":{"start":{"line":149,"column":2},"end":{"line":149,"column":31}},"52":{"start":{"line":159,"column":0},"end":{"line":165,"column":3}},"53":{"start":{"line":160,"column":17},"end":{"line":164,"column":32}},"54":{"start":{"line":162,"column":6},"end":{"line":162,"column":25}},"55":{"start":{"line":167,"column":0},"end":{"line":177,"column":3}},"56":{"start":{"line":168,"column":17},"end":{"line":170,"column":4}},"57":{"start":{"line":171,"column":2},"end":{"line":175,"column":3}},"58":{"start":{"line":172,"column":4},"end":{"line":172,"column":32}},"59":{"start":{"line":174,"column":4},"end":{"line":174,"column":34}},"60":{"start":{"line":176,"column":2},"end":{"line":176,"column":31}},"61":{"start":{"line":179,"column":0},"end":{"line":188,"column":3}},"62":{"start":{"line":180,"column":2},"end":{"line":187,"column":7}},"63":{"start":{"line":182,"column":6},"end":{"line":182,"column":28}},"64":{"start":{"line":183,"column":6},"end":{"line":183,"column":52}},"65":{"start":{"line":186,"column":6},"end":{"line":186,"column":20}},"66":{"start":{"line":190,"column":0},"end":{"line":199,"column":3}},"67":{"start":{"line":191,"column":2},"end":{"line":198,"column":7}},"68":{"start":{"line":193,"column":6},"end":{"line":193,"column":28}},"69":{"start":{"line":194,"column":6},"end":{"line":194,"column":54}},"70":{"start":{"line":197,"column":6},"end":{"line":197,"column":20}},"71":{"start":{"line":205,"column":0},"end":{"line":207,"column":3}},"72":{"start":{"line":206,"column":2},"end":{"line":206,"column":55}}},"fnMap":{"0":{"name":"(anonymous_0)","decl":{"start":{"line":27,"column":7},"end":{"line":27,"column":8}},"loc":{"start":{"line":27,"column":11},"end":{"line":29,"column":1}},"line":27},"1":{"name":"(anonymous_1)","decl":{"start":{"line":30,"column":7},"end":{"line":30,"column":8}},"loc":{"start":{"line":30,"column":11},"end":{"line":32,"column":1}},"line":30},"2":{"name":"(anonymous_2)","decl":{"start":{"line":39,"column":28},"end":{"line":39,"column":29}},"loc":{"start":{"line":39,"column":48},"end":{"line":55,"column":1}},"line":39},"3":{"name":"(anonymous_3)","decl":{"start":{"line":45,"column":10},"end":{"line":45,"column":11}},"loc":{"start":{"line":45,"column":19},"end":{"line":51,"column":5}},"line":45},"4":{"name":"(anonymous_4)","decl":{"start":{"line":52,"column":11},"end":{"line":52,"column":12}},"loc":{"start":{"line":52,"column":20},"end":{"line":54,"column":5}},"line":52},"5":{"name":"(anonymous_5)","decl":{"start":{"line":59,"column":25},"end":{"line":59,"column":26}},"loc":{"start":{"line":59,"column":45},"end":{"line":69,"column":1}},"line":59},"6":{"name":"(anonymous_6)","decl":{"start":{"line":62,"column":21},"end":{"line":62,"column":22}},"loc":{"start":{"line":62,"column":35},"end":{"line":65,"column":5}},"line":62},"7":{"name":"(anonymous_7)","decl":{"start":{"line":72,"column":26},"end":{"line":72,"column":27}},"loc":{"start":{"line":72,"column":46},"end":{"line":78,"column":1}},"line":72},"8":{"name":"(anonymous_8)","decl":{"start":{"line":74,"column":10},"end":{"line":74,"column":11}},"loc":{"start":{"line":74,"column":24},"end":{"line":76,"column":5}},"line":74},"9":{"name":"(anonymous_9)","decl":{"start":{"line":81,"column":28},"end":{"line":81,"column":29}},"loc":{"start":{"line":81,"column":48},"end":{"line":91,"column":1}},"line":81},"10":{"name":"(anonymous_10)","decl":{"start":{"line":96,"column":30},"end":{"line":96,"column":31}},"loc":{"start":{"line":96,"column":50},"end":{"line":102,"column":1}},"line":96},"11":{"name":"(anonymous_11)","decl":{"start":{"line":98,"column":10},"end":{"line":98,"column":11}},"loc":{"start":{"line":98,"column":24},"end":{"line":100,"column":5}},"line":98},"12":{"name":"(anonymous_12)","decl":{"start":{"line":108,"column":23},"end":{"line":108,"column":24}},"loc":{"start":{"line":108,"column":43},"end":{"line":115,"column":1}},"line":108},"13":{"name":"(anonymous_13)","decl":{"start":{"line":140,"column":32},"end":{"line":140,"column":33}},"loc":{"start":{"line":140,"column":52},"end":{"line":150,"column":1}},"line":140},"14":{"name":"(anonymous_14)","decl":{"start":{"line":159,"column":26},"end":{"line":159,"column":27}},"loc":{"start":{"line":159,"column":46},"end":{"line":165,"column":1}},"line":159},"15":{"name":"(anonymous_15)","decl":{"start":{"line":161,"column":10},"end":{"line":161,"column":11}},"loc":{"start":{"line":161,"column":24},"end":{"line":163,"column":5}},"line":161},"16":{"name":"(anonymous_16)","decl":{"start":{"line":167,"column":28},"end":{"line":167,"column":29}},"loc":{"start":{"line":167,"column":48},"end":{"line":177,"column":1}},"line":167},"17":{"name":"(anonymous_17)","decl":{"start":{"line":179,"column":27},"end":{"line":179,"column":28}},"loc":{"start":{"line":179,"column":47},"end":{"line":188,"column":1}},"line":179},"18":{"name":"(anonymous_18)","decl":{"start":{"line":181,"column":10},"end":{"line":181,"column":11}},"loc":{"start":{"line":181,"column":24},"end":{"line":184,"column":5}},"line":181},"19":{"name":"(anonymous_19)","decl":{"start":{"line":185,"column":11},"end":{"line":185,"column":12}},"loc":{"start":{"line":185,"column":20},"end":{"line":187,"column":5}},"line":185},"20":{"name":"(anonymous_20)","decl":{"start":{"line":190,"column":29},"end":{"line":190,"column":30}},"loc":{"start":{"line":190,"column":49},"end":{"line":199,"column":1}},"line":190},"21":{"name":"(anonymous_21)","decl":{"start":{"line":192,"column":10},"end":{"line":192,"column":11}},"loc":{"start":{"line":192,"column":24},"end":{"line":195,"column":5}},"line":192},"22":{"name":"(anonymous_22)","decl":{"start":{"line":196,"column":11},"end":{"line":196,"column":12}},"loc":{"start":{"line":196,"column":20},"end":{"line":198,"column":5}},"line":196},"23":{"name":"(anonymous_23)","decl":{"start":{"line":205,"column":17},"end":{"line":205,"column":18}},"loc":{"start":{"line":205,"column":23},"end":{"line":207,"column":1}},"line":205}},"branchMap":{"0":{"loc":{"start":{"line":46,"column":6},"end":{"line":50,"column":7}},"type":"if","locations":[{"start":{"line":46,"column":6},"end":{"line":50,"column":7}},{"start":{"line":48,"column":13},"end":{"line":50,"column":7}}],"line":46},"1":{"loc":{"start":{"line":85,"column":2},"end":{"line":89,"column":3}},"type":"if","locations":[{"start":{"line":85,"column":2},"end":{"line":89,"column":3}},{"start":{"line":87,"column":9},"end":{"line":89,"column":3}}],"line":85},"2":{"loc":{"start":{"line":144,"column":2},"end":{"line":148,"column":3}},"type":"if","locations":[{"start":{"line":144,"column":2},"end":{"line":148,"column":3}},{"start":{"line":146,"column":9},"end":{"line":148,"column":3}}],"line":144},"3":{"loc":{"start":{"line":171,"column":2},"end":{"line":175,"column":3}},"type":"if","locations":[{"start":{"line":171,"column":2},"end":{"line":175,"column":3}},{"start":{"line":173,"column":9},"end":{"line":175,"column":3}}],"line":171}},"s":{"0":1,"1":1,"2":1,"3":1,"4":1,"5":1,"6":1,"7":1,"8":1,"9":1,"10":1,"11":1,"12":1,"13":1,"14":0,"15":0,"16":1,"17":0,"18":0,"19":0,"20":0,"21":0,"22":1,"23":0,"24":0,"25":0,"26":0,"27":0,"28":0,"29":1,"30":0,"31":0,"32":1,"33":0,"34":0,"35":0,"36":0,"37":0,"38":1,"39":0,"40":0,"41":1,"42":0,"43":0,"44":0,"45":0,"46":1,"47":0,"48":0,"49":0,"50":0,"51":0,"52":1,"53":0,"54":0,"55":1,"56":0,"57":0,"58":0,"59":0,"60":0,"61":1,"62":0,"63":0,"64":0,"65":0,"66":1,"67":0,"68":0,"69":0,"70":0,"71":1,"72":0},"f":{"0":0,"1":0,"2":0,"3":0,"4":0,"5":0,"6":0,"7":0,"8":0,"9":0,"10":0,"11":0,"12":0,"13":0,"14":0,"15":0,"16":0,"17":0,"18":0,"19":0,"20":0,"21":0,"22":0,"23":0},"b":{"0":[0,0],"1":[0,0],"2":[0,0],"3":[0,0]},"_coverageSchema":"1a1c01bbd47fc00a2c39e90264f33305004495a9","hash":"9a5b6ff3d61347ba687e362b7b8760d01b239916"}
,"E:\\University\\D_web\\backend\\Models\\AdminSchema.js": {"path":"E:\\University\\D_web\\backend\\Models\\AdminSchema.js","statementMap":{"0":{"start":{"line":1,"column":17},"end":{"line":1,"column":36}},"1":{"start":{"line":3,"column":15},"end":{"line":3,"column":30}},"2":{"start":{"line":5,"column":20},"end":{"line":20,"column":2}},"3":{"start":{"line":22,"column":14},"end":{"line":22,"column":50}},"4":{"start":{"line":23,"column":0},"end":{"line":23,"column":23}}},"fnMap":{},"branchMap":{},"s":{"0":1,"1":1,"2":1,"3":1,"4":1},"f":{},"b":{},"_coverageSchema":"1a1c01bbd47fc00a2c39e90264f33305004495a9","hash":"f705149d08607e19dc5deb930ab7450633930a6a"}
,"E:\\University\\D_web\\backend\\Models\\DishesSchema.js": {"path":"E:\\University\\D_web\\backend\\Models\\DishesSchema.js","statementMap":{"0":{"start":{"line":1,"column":17},"end":{"line":1,"column":36}},"1":{"start":{"line":3,"column":15},"end":{"line":3,"column":30}},"2":{"start":{"line":5,"column":19},"end":{"line":23,"column":1}},"3":{"start":{"line":25,"column":13},"end":{"line":25,"column":47}},"4":{"start":{"line":26,"column":0},"end":{"line":26,"column":22}}},"fnMap":{},"branchMap":{},"s":{"0":1,"1":1,"2":1,"3":1,"4":1},"f":{},"b":{},"_coverageSchema":"1a1c01bbd47fc00a2c39e90264f33305004495a9","hash":"3f0dd218604a268fb385937e5c700d60bfbd5591"}
,"E:\\University\\D_web\\backend\\Models\\FeedbackSchema.js": {"path":"E:\\University\\D_web\\backend\\Models\\FeedbackSchema.js","statementMap":{"0":{"start":{"line":1,"column":17},"end":{"line":1,"column":36}},"1":{"start":{"line":3,"column":15},"end":{"line":3,"column":30}},"2":{"start":{"line":5,"column":23},"end":{"line":19,"column":1}},"3":{"start":{"line":21,"column":17},"end":{"line":21,"column":59}},"4":{"start":{"line":22,"column":0},"end":{"line":22,"column":26}}},"fnMap":{},"branchMap":{},"s":{"0":1,"1":1,"2":1,"3":1,"4":1},"f":{},"b":{},"_coverageSchema":"1a1c01bbd47fc00a2c39e90264f33305004495a9","hash":"4926cabfac5382fc9cd306d7f5884ee6f7da6d1e"}
,"E:\\University\\D_web\\backend\\Models\\RiderSchema.js": {"path":"E:\\University\\D_web\\backend\\Models\\RiderSchema.js","statementMap":{"0":{"start":{"line":1,"column":17},"end":{"line":1,"column":36}},"1":{"start":{"line":3,"column":20},"end":{"line":31,"column":2}},"2":{"start":{"line":33,"column":0},"end":{"line":33,"column":54}}},"fnMap":{},"branchMap":{},"s":{"0":1,"1":1,"2":1},"f":{},"b":{},"_coverageSchema":"1a1c01bbd47fc00a2c39e90264f33305004495a9","hash":"75ceb5f78f598156682aa287cd095a9d7fbaabaa"}
,"E:\\University\\D_web\\backend\\Models\\UserSchema.js": {"path":"E:\\University\\D_web\\backend\\Models\\UserSchema.js","statementMap":{"0":{"start":{"line":1,"column":17},"end":{"line":1,"column":36}},"1":{"start":{"line":3,"column":15},"end":{"line":3,"column":30}},"2":{"start":{"line":5,"column":19},"end":{"line":39,"column":1}},"3":{"start":{"line":41,"column":13},"end":{"line":41,"column":47}},"4":{"start":{"line":42,"column":0},"end":{"line":42,"column":22}}},"fnMap":{},"branchMap":{},"s":{"0":1,"1":1,"2":1,"3":1,"4":1},"f":{},"b":{},"_coverageSchema":"1a1c01bbd47fc00a2c39e90264f33305004495a9","hash":"0cca3f195f4f3d75d9cd46c7f6527ec3eba6b021"}
}
