TN:
SF:index.js
FN:27,(anonymous_0)
FN:30,(anonymous_1)
FN:39,(anonymous_2)
FN:45,(anonymous_3)
FN:52,(anonymous_4)
FN:59,(anonymous_5)
FN:62,(anonymous_6)
FN:72,(anonymous_7)
FN:74,(anonymous_8)
FN:81,(anonymous_9)
FN:96,(anonymous_10)
FN:98,(anonymous_11)
FN:108,(anonymous_12)
FN:140,(anonymous_13)
FN:159,(anonymous_14)
FN:161,(anonymous_15)
FN:167,(anonymous_16)
FN:179,(anonymous_17)
FN:181,(anonymous_18)
FN:185,(anonymous_19)
FN:190,(anonymous_20)
FN:192,(anonymous_21)
FN:196,(anonymous_22)
FN:205,(anonymous_23)
FNF:24
FNH:0
FNDA:0,(anonymous_0)
FNDA:0,(anonymous_1)
FNDA:0,(anonymous_2)
FNDA:0,(anonymous_3)
FNDA:0,(anonymous_4)
FNDA:0,(anonymous_5)
FNDA:0,(anonymous_6)
FNDA:0,(anonymous_7)
FNDA:0,(anonymous_8)
FNDA:0,(anonymous_9)
FNDA:0,(anonymous_10)
FNDA:0,(anonymous_11)
FNDA:0,(anonymous_12)
FNDA:0,(anonymous_13)
FNDA:0,(anonymous_14)
FNDA:0,(anonymous_15)
FNDA:0,(anonymous_16)
FNDA:0,(anonymous_17)
FNDA:0,(anonymous_18)
FNDA:0,(anonymous_19)
FNDA:0,(anonymous_20)
FNDA:0,(anonymous_21)
FNDA:0,(anonymous_22)
FNDA:0,(anonymous_23)
DA:1,1
DA:2,1
DA:3,1
DA:7,1
DA:8,1
DA:9,1
DA:10,1
DA:11,1
DA:16,1
DA:17,1
DA:18,1
DA:19,1
DA:25,1
DA:26,1
DA:28,0
DA:31,0
DA:39,1
DA:41,0
DA:46,0
DA:47,0
DA:49,0
DA:53,0
DA:59,1
DA:60,0
DA:61,0
DA:62,0
DA:63,0
DA:64,0
DA:67,0
DA:72,1
DA:73,0
DA:75,0
DA:81,1
DA:82,0
DA:85,0
DA:86,0
DA:88,0
DA:90,0
DA:96,1
DA:97,0
DA:99,0
DA:108,1
DA:109,0
DA:110,0
DA:111,0
DA:113,0
DA:140,1
DA:141,0
DA:144,0
DA:145,0
DA:147,0
DA:149,0
DA:159,1
DA:160,0
DA:162,0
DA:167,1
DA:168,0
DA:171,0
DA:172,0
DA:174,0
DA:176,0
DA:179,1
DA:180,0
DA:182,0
DA:183,0
DA:186,0
DA:190,1
DA:191,0
DA:193,0
DA:194,0
DA:197,0
DA:205,1
DA:206,0
LF:73
LH:26
BRDA:46,0,0,0
BRDA:46,0,1,0
BRDA:85,1,0,0
BRDA:85,1,1,0
BRDA:144,2,0,0
BRDA:144,2,1,0
BRDA:171,3,0,0
BRDA:171,3,1,0
BRF:8
BRH:0
end_of_record
TN:
SF:Models\AdminSchema.js
FNF:0
FNH:0
DA:1,1
DA:3,1
DA:5,1
DA:22,1
DA:23,1
LF:5
LH:5
BRF:0
BRH:0
end_of_record
TN:
SF:Models\DishesSchema.js
FNF:0
FNH:0
DA:1,1
DA:3,1
DA:5,1
DA:25,1
DA:26,1
LF:5
LH:5
BRF:0
BRH:0
end_of_record
TN:
SF:Models\FeedbackSchema.js
FNF:0
FNH:0
DA:1,1
DA:3,1
DA:5,1
DA:21,1
DA:22,1
LF:5
LH:5
BRF:0
BRH:0
end_of_record
TN:
SF:Models\RiderSchema.js
FNF:0
FNH:0
DA:1,1
DA:3,1
DA:33,1
LF:3
LH:3
BRF:0
BRH:0
end_of_record
TN:
SF:Models\UserSchema.js
FNF:0
FNH:0
DA:1,1
DA:3,1
DA:5,1
DA:41,1
DA:42,1
LF:5
LH:5
BRF:0
BRH:0
end_of_record
